<?xml version="1.0" encoding="UTF-8"?>
<!-- Generated by org.testng.reporters.JUnitReportReporter -->
<testsuite skipped="0" hostname="obaidulla.cable.rcn.com" name="com.osa.tests.HomePage" tests="3" failures="0" timestamp="04 Dec 2019 01:15:34 GMT" time="30.065" errors="0">
  <testcase name="verifyForumLogin" time="8.781" classname="com.osa.tests.HomePage"/>
  <testcase name="verifyForumLogin" time="12.849" classname="com.osa.tests.HomePage"/>
  <testcase name="verifyForumLogin" time="8.435" classname="com.osa.tests.HomePage"/>
</testsuite> <!-- com.osa.tests.HomePage -->
