<?xml version="1.0" encoding="UTF-8"?>
<!-- Generated by org.testng.reporters.JUnitReportReporter -->
<testsuite skipped="2" hostname="DESKTOP-CF9HEVP" name="com.osa.tests.HomePage" tests="7" failures="0" timestamp="01 Dec 2019 18:38:30 GMT" time="36.160" errors="0">
  <testcase name="verifyForumLogin" time="8.040" classname="com.osa.tests.HomePage"/>
  <testcase name="verifyForumLogin" time="7.620" classname="com.osa.tests.HomePage"/>
  <testcase name="verifyForumLogin" time="5.965" classname="com.osa.tests.HomePage"/>
  <testcase name="verifyForumLogin" time="6.811" classname="com.osa.tests.HomePage"/>
  <testcase name="verifyForumLogin" time="7.724" classname="com.osa.tests.HomePage"/>
  <testcase name="clickOnForumLoginButton" classname="com.osa.tests.HomePage">
    <skipped/>
  </testcase> <!-- clickOnForumLoginButton -->
  <testcase name="verifyHomePageTitle" classname="com.osa.tests.HomePage">
    <skipped/>
  </testcase> <!-- verifyHomePageTitle -->
</testsuite> <!-- com.osa.tests.HomePage -->
